2026-07-10 16:26:30,776 [Worker-6: Loading available Gradle versions] INFO  o.e.b.c.i.u.g.PublishedGradleVersions - Gradle version information cache is not available. Remote download required.
2026-07-10 17:02:52,837 [Worker-22: Creating project "FirstProject"] INFO  o.e.m.c.i.l.LifecycleMappingFactory - Using org.eclipse.m2e.jdt.JarLifecycleMapping lifecycle mapping for MavenProject: com.tyss:FirstProject:0.0.1-SNAPSHOT @ C:\Users\thane\Desktop\KSA\Batch-E2\FirstProject\pom.xml.
2026-07-10 17:02:54,362 [Worker-22: Creating project "FirstProject"] INFO  o.e.m.j.i.AbstractJavaProjectConfigurator - Adding source folder /FirstProject/src/main/java
2026-07-10 17:02:54,365 [Worker-22: Creating project "FirstProject"] INFO  o.e.m.j.i.AbstractJavaProjectConfigurator - Adding resource folder /FirstProject/src/main/resources
2026-07-10 17:02:54,367 [Worker-22: Creating project "FirstProject"] INFO  o.e.m.j.i.AbstractJavaProjectConfigurator - Adding source folder /FirstProject/src/test/java
2026-07-10 17:02:54,368 [Worker-22: Creating project "FirstProject"] INFO  o.e.m.j.i.AbstractJavaProjectConfigurator - Adding resource folder /FirstProject/src/test/resources
2026-07-10 17:02:56,741 [Worker-5: Building] WARN  o.a.m.s.f.DefaultMavenResourcesFiltering - Using platform encoding (UTF-8 actually) to copy filtered resources, i.e. build is platform dependent!
2026-07-10 17:02:56,752 [Worker-5: Building] INFO  o.a.m.s.f.DefaultMavenResourcesFiltering - Copying 0 resource from src\main\resources to target\classes
2026-07-10 17:02:56,759 [Worker-5: Building] WARN  o.a.m.s.f.DefaultMavenResourcesFiltering - Using platform encoding (UTF-8 actually) to copy filtered resources, i.e. build is platform dependent!
2026-07-10 17:02:56,761 [Worker-5: Building] INFO  o.a.m.s.f.DefaultMavenResourcesFiltering - Copying 0 resource from src\test\resources to target\test-classes
2026-07-10 17:07:57,659 [Worker-22: Building] INFO  o.e.m.c.i.l.LifecycleMappingFactory - Using org.eclipse.m2e.jdt.JarLifecycleMapping lifecycle mapping for MavenProject: com.tyss:FirstProject:0.0.1-SNAPSHOT @ C:\Users\thane\Desktop\KSA\Batch-E2\FirstProject\pom.xml.
2026-07-10 17:07:58,096 [Worker-22: Building] INFO  o.e.m.c.i.e.AbstractTransferListenerAdapter - Downloading https://repo.maven.apache.org/maven2/io/micrometer/micrometer-observation/1.12.8/micrometer-observation-1.12.8.pom
2026-07-10 17:07:58,104 [Worker-22: Building] INFO  o.e.m.c.i.e.AbstractTransferListenerAdapter - Downloaded https://repo.maven.apache.org/maven2/io/micrometer/micrometer-observation/1.12.8/micrometer-observation-1.12.8.pom
2026-07-10 17:07:58,140 [Worker-22: Building] INFO  o.e.m.c.i.e.AbstractTransferListenerAdapter - Downloading https://repo.maven.apache.org/maven2/io/micrometer/micrometer-commons/1.12.8/micrometer-commons-1.12.8.pom
2026-07-10 17:07:58,145 [Worker-22: Building] INFO  o.e.m.c.i.e.AbstractTransferListenerAdapter - Downloaded https://repo.maven.apache.org/maven2/io/micrometer/micrometer-commons/1.12.8/micrometer-commons-1.12.8.pom
2026-07-10 17:07:58,376 [Worker-22: Building] INFO  o.e.m.c.i.e.AbstractTransferListenerAdapter - Downloading https://repo.maven.apache.org/maven2/org/slf4j/slf4j-api/2.0.9/slf4j-api-2.0.9.pom
2026-07-10 17:07:58,379 [Worker-22: Building] INFO  o.e.m.c.i.e.AbstractTransferListenerAdapter - Downloaded https://repo.maven.apache.org/maven2/org/slf4j/slf4j-api/2.0.9/slf4j-api-2.0.9.pom
2026-07-10 17:07:58,409 [Worker-22: Building] INFO  o.e.m.c.i.e.AbstractTransferListenerAdapter - Downloading https://repo.maven.apache.org/maven2/org/slf4j/slf4j-parent/2.0.9/slf4j-parent-2.0.9.pom
2026-07-10 17:07:58,416 [Worker-22: Building] INFO  o.e.m.c.i.e.AbstractTransferListenerAdapter - Downloaded https://repo.maven.apache.org/maven2/org/slf4j/slf4j-parent/2.0.9/slf4j-parent-2.0.9.pom
2026-07-10 17:07:58,442 [Worker-22: Building] INFO  o.e.m.c.i.e.AbstractTransferListenerAdapter - Downloading https://repo.maven.apache.org/maven2/org/slf4j/slf4j-bom/2.0.9/slf4j-bom-2.0.9.pom
2026-07-10 17:07:58,448 [Worker-22: Building] INFO  o.e.m.c.i.e.AbstractTransferListenerAdapter - Downloaded https://repo.maven.apache.org/maven2/org/slf4j/slf4j-bom/2.0.9/slf4j-bom-2.0.9.pom
2026-07-10 17:07:58,624 [Worker-22: Building] INFO  o.e.m.c.i.e.AbstractTransferListenerAdapter - Downloading https://repo.maven.apache.org/maven2/io/micrometer/micrometer-observation/1.12.8/micrometer-observation-1.12.8.jar
2026-07-10 17:07:58,654 [Worker-22: Building] INFO  o.e.m.c.i.e.AbstractTransferListenerAdapter - Downloaded https://repo.maven.apache.org/maven2/io/micrometer/micrometer-observation/1.12.8/micrometer-observation-1.12.8.jar
2026-07-10 17:07:58,687 [BasicRepositoryConnector-repo.maven.apache.org-0-0] INFO  o.e.m.c.i.e.AbstractTransferListenerAdapter - Downloading https://repo.maven.apache.org/maven2/io/micrometer/micrometer-commons/1.12.8/micrometer-commons-1.12.8.jar
2026-07-10 17:07:58,705 [BasicRepositoryConnector-repo.maven.apache.org-0-0] INFO  o.e.m.c.i.e.AbstractTransferListenerAdapter - Downloaded https://repo.maven.apache.org/maven2/io/micrometer/micrometer-commons/1.12.8/micrometer-commons-1.12.8.jar
2026-07-10 17:07:59,172 [Worker-22: Building] WARN  o.a.m.s.f.DefaultMavenResourcesFiltering - Using platform encoding (UTF-8 actually) to copy filtered resources, i.e. build is platform dependent!
2026-07-10 17:07:59,175 [Worker-22: Building] INFO  o.a.m.s.f.DefaultMavenResourcesFiltering - Copying 0 resource from src\main\resources to target\classes
2026-07-10 17:07:59,185 [Worker-22: Building] WARN  o.a.m.s.f.DefaultMavenResourcesFiltering - Using platform encoding (UTF-8 actually) to copy filtered resources, i.e. build is platform dependent!
2026-07-10 17:07:59,189 [Worker-22: Building] INFO  o.a.m.s.f.DefaultMavenResourcesFiltering - Copying 0 resource from src\test\resources to target\test-classes
2026-07-10 17:08:00,038 [Worker-27: Download sources and javadoc] INFO  o.e.m.c.i.e.AbstractTransferListenerAdapter - Downloading https://repo.maven.apache.org/maven2/io/micrometer/micrometer-observation/1.12.8/micrometer-observation-1.12.8-sources.jar
2026-07-10 17:08:00,137 [Worker-27: Download sources and javadoc] INFO  o.e.m.c.i.e.AbstractTransferListenerAdapter - Downloaded https://repo.maven.apache.org/maven2/io/micrometer/micrometer-observation/1.12.8/micrometer-observation-1.12.8-sources.jar
2026-07-10 17:08:00,143 [Worker-27: Download sources and javadoc] INFO  o.e.m.j.internal.DownloadSourcesJob - Downloaded sources for io.micrometer:micrometer-observation:1.12.8
2026-07-10 17:08:00,320 [Worker-27: Download sources and javadoc] INFO  o.e.m.c.i.e.AbstractTransferListenerAdapter - Downloading https://repo.maven.apache.org/maven2/io/micrometer/micrometer-commons/1.12.8/micrometer-commons-1.12.8-sources.jar
2026-07-10 17:08:00,344 [Worker-27: Download sources and javadoc] INFO  o.e.m.c.i.e.AbstractTransferListenerAdapter - Downloaded https://repo.maven.apache.org/maven2/io/micrometer/micrometer-commons/1.12.8/micrometer-commons-1.12.8-sources.jar
2026-07-10 17:08:00,368 [Worker-27: Download sources and javadoc] INFO  o.e.m.j.internal.DownloadSourcesJob - Downloaded sources for io.micrometer:micrometer-commons:1.12.8
2026-07-10 17:08:00,816 [Worker-26: Building] WARN  o.a.m.s.f.DefaultMavenResourcesFiltering - Using platform encoding (UTF-8 actually) to copy filtered resources, i.e. build is platform dependent!
2026-07-10 17:08:00,819 [Worker-26: Building] INFO  o.a.m.s.f.DefaultMavenResourcesFiltering - Copying 0 resource from src\main\resources to target\classes
2026-07-10 17:08:00,823 [Worker-26: Building] WARN  o.a.m.s.f.DefaultMavenResourcesFiltering - Using platform encoding (UTF-8 actually) to copy filtered resources, i.e. build is platform dependent!
2026-07-10 17:08:00,825 [Worker-26: Building] INFO  o.a.m.s.f.DefaultMavenResourcesFiltering - Copying 0 resource from src\test\resources to target\test-classes
2026-07-10 17:08:39,431 [Worker-22: Building] INFO  o.e.m.c.i.l.LifecycleMappingFactory - Using org.eclipse.m2e.jdt.JarLifecycleMapping lifecycle mapping for MavenProject: com.tyss:FirstProject:0.0.1-SNAPSHOT @ C:\Users\thane\Desktop\KSA\Batch-E2\FirstProject\pom.xml.
2026-07-10 17:08:39,584 [Worker-22: Building] WARN  o.a.m.s.f.DefaultMavenResourcesFiltering - Using platform encoding (UTF-8 actually) to copy filtered resources, i.e. build is platform dependent!
2026-07-10 17:08:39,587 [Worker-22: Building] INFO  o.a.m.s.f.DefaultMavenResourcesFiltering - Copying 0 resource from src\main\resources to target\classes
2026-07-10 17:08:39,591 [Worker-22: Building] WARN  o.a.m.s.f.DefaultMavenResourcesFiltering - Using platform encoding (UTF-8 actually) to copy filtered resources, i.e. build is platform dependent!
2026-07-10 17:08:39,592 [Worker-22: Building] INFO  o.a.m.s.f.DefaultMavenResourcesFiltering - Copying 0 resource from src\test\resources to target\test-classes
2026-07-10 17:08:41,193 [Worker-22: Building] WARN  o.a.m.s.f.DefaultMavenResourcesFiltering - Using platform encoding (UTF-8 actually) to copy filtered resources, i.e. build is platform dependent!
2026-07-10 17:08:41,197 [Worker-22: Building] INFO  o.a.m.s.f.DefaultMavenResourcesFiltering - Copying 0 resource from src\main\resources to target\classes
2026-07-10 17:08:41,203 [Worker-22: Building] WARN  o.a.m.s.f.DefaultMavenResourcesFiltering - Using platform encoding (UTF-8 actually) to copy filtered resources, i.e. build is platform dependent!
2026-07-10 17:08:41,204 [Worker-22: Building] INFO  o.a.m.s.f.DefaultMavenResourcesFiltering - Copying 0 resource from src\test\resources to target\test-classes
2026-07-10 17:08:46,881 [Worker-22: Building] INFO  o.e.m.c.i.l.LifecycleMappingFactory - Using org.eclipse.m2e.jdt.JarLifecycleMapping lifecycle mapping for MavenProject: com.tyss:FirstProject:0.0.1-SNAPSHOT @ C:\Users\thane\Desktop\KSA\Batch-E2\FirstProject\pom.xml.
2026-07-10 17:08:47,226 [Worker-22: Building] WARN  o.a.m.s.f.DefaultMavenResourcesFiltering - Using platform encoding (UTF-8 actually) to copy filtered resources, i.e. build is platform dependent!
2026-07-10 17:08:47,234 [Worker-22: Building] INFO  o.a.m.s.f.DefaultMavenResourcesFiltering - Copying 0 resource from src\main\resources to target\classes
2026-07-10 17:08:47,246 [Worker-22: Building] WARN  o.a.m.s.f.DefaultMavenResourcesFiltering - Using platform encoding (UTF-8 actually) to copy filtered resources, i.e. build is platform dependent!
2026-07-10 17:08:47,251 [Worker-22: Building] INFO  o.a.m.s.f.DefaultMavenResourcesFiltering - Copying 0 resource from src\test\resources to target\test-classes
2026-07-10 17:08:48,788 [Worker-27: Building] WARN  o.a.m.s.f.DefaultMavenResourcesFiltering - Using platform encoding (UTF-8 actually) to copy filtered resources, i.e. build is platform dependent!
2026-07-10 17:08:48,793 [Worker-27: Building] INFO  o.a.m.s.f.DefaultMavenResourcesFiltering - Copying 0 resource from src\main\resources to target\classes
2026-07-10 17:08:48,800 [Worker-27: Building] WARN  o.a.m.s.f.DefaultMavenResourcesFiltering - Using platform encoding (UTF-8 actually) to copy filtered resources, i.e. build is platform dependent!
2026-07-10 17:08:48,804 [Worker-27: Building] INFO  o.a.m.s.f.DefaultMavenResourcesFiltering - Copying 0 resource from src\test\resources to target\test-classes
2026-07-10 17:09:08,607 [Worker-28: Building] INFO  o.e.m.c.i.l.LifecycleMappingFactory - Using org.eclipse.m2e.jdt.JarLifecycleMapping lifecycle mapping for MavenProject: com.tyss:FirstProject:0.0.1-SNAPSHOT @ C:\Users\thane\Desktop\KSA\Batch-E2\FirstProject\pom.xml.
2026-07-10 17:09:08,837 [Worker-28: Building] WARN  o.a.m.s.f.DefaultMavenResourcesFiltering - Using platform encoding (UTF-8 actually) to copy filtered resources, i.e. build is platform dependent!
2026-07-10 17:09:08,846 [Worker-28: Building] INFO  o.a.m.s.f.DefaultMavenResourcesFiltering - Copying 0 resource from src\main\resources to target\classes
2026-07-10 17:09:08,859 [Worker-28: Building] WARN  o.a.m.s.f.DefaultMavenResourcesFiltering - Using platform encoding (UTF-8 actually) to copy filtered resources, i.e. build is platform dependent!
2026-07-10 17:09:08,865 [Worker-28: Building] INFO  o.a.m.s.f.DefaultMavenResourcesFiltering - Copying 0 resource from src\test\resources to target\test-classes
2026-07-10 17:09:10,232 [Worker-23: Building] WARN  o.a.m.s.f.DefaultMavenResourcesFiltering - Using platform encoding (UTF-8 actually) to copy filtered resources, i.e. build is platform dependent!
2026-07-10 17:09:10,234 [Worker-23: Building] INFO  o.a.m.s.f.DefaultMavenResourcesFiltering - Copying 0 resource from src\main\resources to target\classes
2026-07-10 17:09:10,237 [Worker-23: Building] WARN  o.a.m.s.f.DefaultMavenResourcesFiltering - Using platform encoding (UTF-8 actually) to copy filtered resources, i.e. build is platform dependent!
2026-07-10 17:09:10,238 [Worker-23: Building] INFO  o.a.m.s.f.DefaultMavenResourcesFiltering - Copying 0 resource from src\test\resources to target\test-classes
2026-07-10 17:09:37,819 [Worker-22: Building] INFO  o.e.m.c.i.l.LifecycleMappingFactory - Using org.eclipse.m2e.jdt.JarLifecycleMapping lifecycle mapping for MavenProject: com.tyss:FirstProject:0.0.1-SNAPSHOT @ C:\Users\thane\Desktop\KSA\Batch-E2\FirstProject\pom.xml.
2026-07-10 17:09:38,036 [Worker-22: Building] WARN  o.a.m.s.f.DefaultMavenResourcesFiltering - Using platform encoding (UTF-8 actually) to copy filtered resources, i.e. build is platform dependent!
2026-07-10 17:09:38,047 [Worker-22: Building] INFO  o.a.m.s.f.DefaultMavenResourcesFiltering - Copying 0 resource from src\main\resources to target\classes
2026-07-10 17:09:38,053 [Worker-22: Building] WARN  o.a.m.s.f.DefaultMavenResourcesFiltering - Using platform encoding (UTF-8 actually) to copy filtered resources, i.e. build is platform dependent!
2026-07-10 17:09:38,054 [Worker-22: Building] INFO  o.a.m.s.f.DefaultMavenResourcesFiltering - Copying 0 resource from src\test\resources to target\test-classes
2026-07-10 17:09:39,362 [Worker-22: Building] WARN  o.a.m.s.f.DefaultMavenResourcesFiltering - Using platform encoding (UTF-8 actually) to copy filtered resources, i.e. build is platform dependent!
2026-07-10 17:09:39,363 [Worker-22: Building] INFO  o.a.m.s.f.DefaultMavenResourcesFiltering - Copying 0 resource from src\main\resources to target\classes
2026-07-10 17:09:39,366 [Worker-22: Building] WARN  o.a.m.s.f.DefaultMavenResourcesFiltering - Using platform encoding (UTF-8 actually) to copy filtered resources, i.e. build is platform dependent!
2026-07-10 17:09:39,368 [Worker-22: Building] INFO  o.a.m.s.f.DefaultMavenResourcesFiltering - Copying 0 resource from src\test\resources to target\test-classes
2026-07-10 17:10:30,185 [Worker-28: Building] INFO  o.e.m.c.i.l.LifecycleMappingFactory - Using org.eclipse.m2e.jdt.JarLifecycleMapping lifecycle mapping for MavenProject: com.tyss:FirstProject:0.0.1-SNAPSHOT @ C:\Users\thane\Desktop\KSA\Batch-E2\FirstProject\pom.xml.
2026-07-10 17:10:30,404 [Worker-28: Building] WARN  o.a.m.s.f.DefaultMavenResourcesFiltering - Using platform encoding (UTF-8 actually) to copy filtered resources, i.e. build is platform dependent!
2026-07-10 17:10:30,412 [Worker-28: Building] INFO  o.a.m.s.f.DefaultMavenResourcesFiltering - Copying 0 resource from src\main\resources to target\classes
2026-07-10 17:10:30,425 [Worker-28: Building] WARN  o.a.m.s.f.DefaultMavenResourcesFiltering - Using platform encoding (UTF-8 actually) to copy filtered resources, i.e. build is platform dependent!
2026-07-10 17:10:30,430 [Worker-28: Building] INFO  o.a.m.s.f.DefaultMavenResourcesFiltering - Copying 0 resource from src\test\resources to target\test-classes
2026-07-10 17:10:39,094 [Worker-27: Building] INFO  o.e.m.c.i.l.LifecycleMappingFactory - Using org.eclipse.m2e.jdt.JarLifecycleMapping lifecycle mapping for MavenProject: com.tyss:FirstProject:0.0.1-SNAPSHOT @ C:\Users\thane\Desktop\KSA\Batch-E2\FirstProject\pom.xml.
2026-07-10 17:10:39,254 [Worker-27: Building] WARN  o.a.m.s.f.DefaultMavenResourcesFiltering - Using platform encoding (UTF-8 actually) to copy filtered resources, i.e. build is platform dependent!
2026-07-10 17:10:39,257 [Worker-27: Building] INFO  o.a.m.s.f.DefaultMavenResourcesFiltering - Copying 0 resource from src\main\resources to target\classes
2026-07-10 17:10:39,272 [Worker-27: Building] WARN  o.a.m.s.f.DefaultMavenResourcesFiltering - Using platform encoding (UTF-8 actually) to copy filtered resources, i.e. build is platform dependent!
2026-07-10 17:10:39,274 [Worker-27: Building] INFO  o.a.m.s.f.DefaultMavenResourcesFiltering - Copying 0 resource from src\test\resources to target\test-classes
2026-07-10 17:10:57,685 [Worker-27: Building] INFO  o.e.m.c.i.l.LifecycleMappingFactory - Using org.eclipse.m2e.jdt.JarLifecycleMapping lifecycle mapping for MavenProject: com.tyss:FirstProject:0.0.1-SNAPSHOT @ C:\Users\thane\Desktop\KSA\Batch-E2\FirstProject\pom.xml.
2026-07-10 17:10:57,776 [Worker-27: Building] WARN  o.a.m.s.f.DefaultMavenResourcesFiltering - Using platform encoding (UTF-8 actually) to copy filtered resources, i.e. build is platform dependent!
2026-07-10 17:10:57,779 [Worker-27: Building] INFO  o.a.m.s.f.DefaultMavenResourcesFiltering - Copying 0 resource from src\main\resources to target\classes
2026-07-10 17:10:57,782 [Worker-27: Building] WARN  o.a.m.s.f.DefaultMavenResourcesFiltering - Using platform encoding (UTF-8 actually) to copy filtered resources, i.e. build is platform dependent!
2026-07-10 17:10:57,783 [Worker-27: Building] INFO  o.a.m.s.f.DefaultMavenResourcesFiltering - Copying 0 resource from src\test\resources to target\test-classes
2026-07-10 17:11:12,623 [Worker-5: Building] INFO  o.e.m.c.i.l.LifecycleMappingFactory - Using org.eclipse.m2e.jdt.JarLifecycleMapping lifecycle mapping for MavenProject: com.tyss:FirstProject:0.0.1-SNAPSHOT @ C:\Users\thane\Desktop\KSA\Batch-E2\FirstProject\pom.xml.
2026-07-10 17:11:12,826 [Worker-5: Building] WARN  o.a.m.s.f.DefaultMavenResourcesFiltering - Using platform encoding (UTF-8 actually) to copy filtered resources, i.e. build is platform dependent!
2026-07-10 17:11:12,832 [Worker-5: Building] INFO  o.a.m.s.f.DefaultMavenResourcesFiltering - Copying 0 resource from src\main\resources to target\classes
2026-07-10 17:11:12,836 [Worker-5: Building] WARN  o.a.m.s.f.DefaultMavenResourcesFiltering - Using platform encoding (UTF-8 actually) to copy filtered resources, i.e. build is platform dependent!
2026-07-10 17:11:12,840 [Worker-5: Building] INFO  o.a.m.s.f.DefaultMavenResourcesFiltering - Copying 0 resource from src\test\resources to target\test-classes
2026-07-10 17:11:22,494 [Worker-22: Building] INFO  o.e.m.c.i.l.LifecycleMappingFactory - Using org.eclipse.m2e.jdt.JarLifecycleMapping lifecycle mapping for MavenProject: com.tyss:FirstProject:0.0.1-SNAPSHOT @ C:\Users\thane\Desktop\KSA\Batch-E2\FirstProject\pom.xml.
2026-07-10 17:11:22,605 [Worker-22: Building] WARN  o.a.m.s.f.DefaultMavenResourcesFiltering - Using platform encoding (UTF-8 actually) to copy filtered resources, i.e. build is platform dependent!
2026-07-10 17:11:22,608 [Worker-22: Building] INFO  o.a.m.s.f.DefaultMavenResourcesFiltering - Copying 0 resource from src\main\resources to target\classes
2026-07-10 17:11:22,611 [Worker-22: Building] WARN  o.a.m.s.f.DefaultMavenResourcesFiltering - Using platform encoding (UTF-8 actually) to copy filtered resources, i.e. build is platform dependent!
2026-07-10 17:11:22,612 [Worker-22: Building] INFO  o.a.m.s.f.DefaultMavenResourcesFiltering - Copying 0 resource from src\test\resources to target\test-classes
2026-07-10 17:11:36,208 [Worker-28: Building] INFO  o.e.m.c.i.l.LifecycleMappingFactory - Using org.eclipse.m2e.jdt.JarLifecycleMapping lifecycle mapping for MavenProject: com.tyss:FirstProject:0.0.1-SNAPSHOT @ C:\Users\thane\Desktop\KSA\Batch-E2\FirstProject\pom.xml.
2026-07-10 17:11:36,272 [Worker-28: Building] INFO  o.e.m.c.i.e.AbstractTransferListenerAdapter - Downloading https://repo.maven.apache.org/maven2/javax/servlet/javax.servlet-api/3.0.1/javax.servlet-api-3.0.1.pom
2026-07-10 17:11:36,276 [Worker-28: Building] INFO  o.e.m.c.i.e.AbstractTransferListenerAdapter - Downloaded https://repo.maven.apache.org/maven2/javax/servlet/javax.servlet-api/3.0.1/javax.servlet-api-3.0.1.pom
2026-07-10 17:11:36,317 [Worker-28: Building] INFO  o.e.m.c.i.e.AbstractTransferListenerAdapter - Downloading https://repo.maven.apache.org/maven2/javax/servlet/javax.servlet-api/3.0.1/javax.servlet-api-3.0.1.jar
2026-07-10 17:11:36,345 [Worker-28: Building] INFO  o.e.m.c.i.e.AbstractTransferListenerAdapter - Downloaded https://repo.maven.apache.org/maven2/javax/servlet/javax.servlet-api/3.0.1/javax.servlet-api-3.0.1.jar
2026-07-10 17:11:36,413 [Worker-28: Building] WARN  o.a.m.s.f.DefaultMavenResourcesFiltering - Using platform encoding (UTF-8 actually) to copy filtered resources, i.e. build is platform dependent!
2026-07-10 17:11:36,415 [Worker-28: Building] INFO  o.a.m.s.f.DefaultMavenResourcesFiltering - Copying 0 resource from src\main\resources to target\classes
2026-07-10 17:11:36,418 [Worker-28: Building] WARN  o.a.m.s.f.DefaultMavenResourcesFiltering - Using platform encoding (UTF-8 actually) to copy filtered resources, i.e. build is platform dependent!
2026-07-10 17:11:36,419 [Worker-28: Building] INFO  o.a.m.s.f.DefaultMavenResourcesFiltering - Copying 0 resource from src\test\resources to target\test-classes
2026-07-10 17:11:37,438 [Worker-5: Download sources and javadoc] INFO  o.e.m.c.i.e.AbstractTransferListenerAdapter - Downloading https://repo.maven.apache.org/maven2/javax/servlet/javax.servlet-api/3.0.1/javax.servlet-api-3.0.1-sources.jar
2026-07-10 17:11:37,499 [Worker-5: Download sources and javadoc] INFO  o.e.m.c.i.e.AbstractTransferListenerAdapter - Downloaded https://repo.maven.apache.org/maven2/javax/servlet/javax.servlet-api/3.0.1/javax.servlet-api-3.0.1-sources.jar
2026-07-10 17:11:37,502 [Worker-5: Download sources and javadoc] INFO  o.e.m.j.internal.DownloadSourcesJob - Downloaded sources for javax.servlet:javax.servlet-api:3.0.1
2026-07-10 17:11:37,643 [Worker-27: Building] WARN  o.a.m.s.f.DefaultMavenResourcesFiltering - Using platform encoding (UTF-8 actually) to copy filtered resources, i.e. build is platform dependent!
2026-07-10 17:11:37,644 [Worker-27: Building] INFO  o.a.m.s.f.DefaultMavenResourcesFiltering - Copying 0 resource from src\main\resources to target\classes
2026-07-10 17:11:37,646 [Worker-27: Building] WARN  o.a.m.s.f.DefaultMavenResourcesFiltering - Using platform encoding (UTF-8 actually) to copy filtered resources, i.e. build is platform dependent!
2026-07-10 17:11:37,647 [Worker-27: Building] INFO  o.a.m.s.f.DefaultMavenResourcesFiltering - Copying 0 resource from src\test\resources to target\test-classes
2026-07-10 17:11:58,961 [Worker-5: Building] INFO  o.e.m.c.i.l.LifecycleMappingFactory - Using org.eclipse.m2e.jdt.JarLifecycleMapping lifecycle mapping for MavenProject: com.tyss:FirstProject:0.0.1-SNAPSHOT @ C:\Users\thane\Desktop\KSA\Batch-E2\FirstProject\pom.xml.
2026-07-10 17:11:59,162 [Worker-5: Building] WARN  o.a.m.s.f.DefaultMavenResourcesFiltering - Using platform encoding (UTF-8 actually) to copy filtered resources, i.e. build is platform dependent!
2026-07-10 17:11:59,164 [Worker-5: Building] INFO  o.a.m.s.f.DefaultMavenResourcesFiltering - Copying 0 resource from src\main\resources to target\classes
2026-07-10 17:11:59,167 [Worker-5: Building] WARN  o.a.m.s.f.DefaultMavenResourcesFiltering - Using platform encoding (UTF-8 actually) to copy filtered resources, i.e. build is platform dependent!
2026-07-10 17:11:59,168 [Worker-5: Building] INFO  o.a.m.s.f.DefaultMavenResourcesFiltering - Copying 0 resource from src\test\resources to target\test-classes
2026-07-10 17:12:00,450 [Worker-5: Building] WARN  o.a.m.s.f.DefaultMavenResourcesFiltering - Using platform encoding (UTF-8 actually) to copy filtered resources, i.e. build is platform dependent!
2026-07-10 17:12:00,451 [Worker-5: Building] INFO  o.a.m.s.f.DefaultMavenResourcesFiltering - Copying 0 resource from src\main\resources to target\classes
2026-07-10 17:12:00,453 [Worker-5: Building] WARN  o.a.m.s.f.DefaultMavenResourcesFiltering - Using platform encoding (UTF-8 actually) to copy filtered resources, i.e. build is platform dependent!
2026-07-10 17:12:00,454 [Worker-5: Building] INFO  o.a.m.s.f.DefaultMavenResourcesFiltering - Copying 0 resource from src\test\resources to target\test-classes
2026-07-10 17:12:11,122 [Worker-26: Building] INFO  o.e.m.c.i.l.LifecycleMappingFactory - Using org.eclipse.m2e.jdt.JarLifecycleMapping lifecycle mapping for MavenProject: com.tyss:FirstProject:0.0.1-SNAPSHOT @ C:\Users\thane\Desktop\KSA\Batch-E2\FirstProject\pom.xml.
2026-07-10 17:12:11,193 [Worker-26: Building] WARN  o.a.m.s.f.DefaultMavenResourcesFiltering - Using platform encoding (UTF-8 actually) to copy filtered resources, i.e. build is platform dependent!
2026-07-10 17:12:11,196 [Worker-26: Building] INFO  o.a.m.s.f.DefaultMavenResourcesFiltering - Copying 0 resource from src\main\resources to target\classes
2026-07-10 17:12:11,200 [Worker-26: Building] WARN  o.a.m.s.f.DefaultMavenResourcesFiltering - Using platform encoding (UTF-8 actually) to copy filtered resources, i.e. build is platform dependent!
2026-07-10 17:12:11,201 [Worker-26: Building] INFO  o.a.m.s.f.DefaultMavenResourcesFiltering - Copying 0 resource from src\test\resources to target\test-classes
2026-07-10 17:12:54,434 [Worker-22: Building] INFO  o.e.m.c.i.l.LifecycleMappingFactory - Using org.eclipse.m2e.jdt.JarLifecycleMapping lifecycle mapping for MavenProject: com.tyss:FirstProject:0.0.1-SNAPSHOT @ C:\Users\thane\Desktop\KSA\Batch-E2\FirstProject\pom.xml.
2026-07-10 17:12:54,522 [Worker-22: Building] WARN  o.a.m.s.f.DefaultMavenResourcesFiltering - Using platform encoding (UTF-8 actually) to copy filtered resources, i.e. build is platform dependent!
2026-07-10 17:12:54,525 [Worker-22: Building] INFO  o.a.m.s.f.DefaultMavenResourcesFiltering - Copying 0 resource from src\main\resources to target\classes
2026-07-10 17:12:54,527 [Worker-22: Building] WARN  o.a.m.s.f.DefaultMavenResourcesFiltering - Using platform encoding (UTF-8 actually) to copy filtered resources, i.e. build is platform dependent!
2026-07-10 17:12:54,529 [Worker-22: Building] INFO  o.a.m.s.f.DefaultMavenResourcesFiltering - Copying 0 resource from src\test\resources to target\test-classes
2026-07-10 17:13:07,016 [Worker-23: Building] INFO  o.e.m.c.i.l.LifecycleMappingFactory - Using org.eclipse.m2e.jdt.JarLifecycleMapping lifecycle mapping for MavenProject: com.tyss:FirstProject:0.0.1-SNAPSHOT @ C:\Users\thane\Desktop\KSA\Batch-E2\FirstProject\pom.xml.
2026-07-10 17:13:07,167 [Worker-23: Building] WARN  o.a.m.s.f.DefaultMavenResourcesFiltering - Using platform encoding (UTF-8 actually) to copy filtered resources, i.e. build is platform dependent!
2026-07-10 17:13:07,169 [Worker-23: Building] INFO  o.a.m.s.f.DefaultMavenResourcesFiltering - Copying 0 resource from src\main\resources to target\classes
2026-07-10 17:13:07,171 [Worker-23: Building] WARN  o.a.m.s.f.DefaultMavenResourcesFiltering - Using platform encoding (UTF-8 actually) to copy filtered resources, i.e. build is platform dependent!
2026-07-10 17:13:07,172 [Worker-23: Building] INFO  o.a.m.s.f.DefaultMavenResourcesFiltering - Copying 0 resource from src\test\resources to target\test-classes
2026-07-10 17:13:11,240 [Worker-26: Building] INFO  o.e.m.c.i.l.LifecycleMappingFactory - Using org.eclipse.m2e.jdt.JarLifecycleMapping lifecycle mapping for MavenProject: com.tyss:FirstProject:0.0.1-SNAPSHOT @ C:\Users\thane\Desktop\KSA\Batch-E2\FirstProject\pom.xml.
2026-07-10 17:13:11,342 [Worker-26: Building] WARN  o.a.m.s.f.DefaultMavenResourcesFiltering - Using platform encoding (UTF-8 actually) to copy filtered resources, i.e. build is platform dependent!
2026-07-10 17:13:11,345 [Worker-26: Building] INFO  o.a.m.s.f.DefaultMavenResourcesFiltering - Copying 0 resource from src\main\resources to target\classes
2026-07-10 17:13:11,347 [Worker-26: Building] WARN  o.a.m.s.f.DefaultMavenResourcesFiltering - Using platform encoding (UTF-8 actually) to copy filtered resources, i.e. build is platform dependent!
2026-07-10 17:13:11,348 [Worker-26: Building] INFO  o.a.m.s.f.DefaultMavenResourcesFiltering - Copying 0 resource from src\test\resources to target\test-classes
2026-07-10 17:14:43,988 [Worker-27: Building] WARN  o.a.m.s.f.DefaultMavenResourcesFiltering - Using platform encoding (UTF-8 actually) to copy filtered resources, i.e. build is platform dependent!
2026-07-10 17:14:43,993 [Worker-27: Building] INFO  o.a.m.s.f.DefaultMavenResourcesFiltering - Copying 0 resource from src\main\resources to target\classes
2026-07-10 17:14:44,003 [Worker-27: Building] WARN  o.a.m.s.f.DefaultMavenResourcesFiltering - Using platform encoding (UTF-8 actually) to copy filtered resources, i.e. build is platform dependent!
2026-07-10 17:14:44,007 [Worker-27: Building] INFO  o.a.m.s.f.DefaultMavenResourcesFiltering - Copying 0 resource from src\test\resources to target\test-classes
2026-07-10 17:14:58,870 [Worker-25: Building] WARN  o.a.m.s.f.DefaultMavenResourcesFiltering - Using platform encoding (UTF-8 actually) to copy filtered resources, i.e. build is platform dependent!
2026-07-10 17:14:58,871 [Worker-25: Building] INFO  o.a.m.s.f.DefaultMavenResourcesFiltering - Copying 0 resource from src\main\resources to target\classes
2026-07-10 17:14:58,873 [Worker-25: Building] WARN  o.a.m.s.f.DefaultMavenResourcesFiltering - Using platform encoding (UTF-8 actually) to copy filtered resources, i.e. build is platform dependent!
2026-07-10 17:14:58,875 [Worker-25: Building] INFO  o.a.m.s.f.DefaultMavenResourcesFiltering - Copying 0 resource from src\test\resources to target\test-classes
2026-07-10 17:15:02,198 [Worker-22: Building] WARN  o.a.m.s.f.DefaultMavenResourcesFiltering - Using platform encoding (UTF-8 actually) to copy filtered resources, i.e. build is platform dependent!
2026-07-10 17:15:02,200 [Worker-22: Building] INFO  o.a.m.s.f.DefaultMavenResourcesFiltering - Copying 0 resource from src\main\resources to target\classes
2026-07-10 17:15:02,203 [Worker-22: Building] WARN  o.a.m.s.f.DefaultMavenResourcesFiltering - Using platform encoding (UTF-8 actually) to copy filtered resources, i.e. build is platform dependent!
2026-07-10 17:15:02,205 [Worker-22: Building] INFO  o.a.m.s.f.DefaultMavenResourcesFiltering - Copying 0 resource from src\test\resources to target\test-classes
2026-07-10 17:16:38,175 [Worker-28: Building] INFO  o.e.m.c.i.l.LifecycleMappingFactory - Using org.eclipse.m2e.jdt.JarLifecycleMapping lifecycle mapping for MavenProject: com.tyss:FirstProject:0.0.1-SNAPSHOT @ C:\Users\thane\Desktop\KSA\Batch-E2\FirstProject\pom.xml.
2026-07-10 17:16:38,309 [Worker-28: Building] WARN  o.a.m.s.f.DefaultMavenResourcesFiltering - Using platform encoding (UTF-8 actually) to copy filtered resources, i.e. build is platform dependent!
2026-07-10 17:16:38,312 [Worker-28: Building] INFO  o.a.m.s.f.DefaultMavenResourcesFiltering - Copying 0 resource from src\main\resources to target\classes
2026-07-10 17:16:38,321 [Worker-28: Building] WARN  o.a.m.s.f.DefaultMavenResourcesFiltering - Using platform encoding (UTF-8 actually) to copy filtered resources, i.e. build is platform dependent!
2026-07-10 17:16:38,324 [Worker-28: Building] INFO  o.a.m.s.f.DefaultMavenResourcesFiltering - Copying 0 resource from src\test\resources to target\test-classes
2026-07-10 17:16:39,706 [Worker-22: Building] WARN  o.a.m.s.f.DefaultMavenResourcesFiltering - Using platform encoding (UTF-8 actually) to copy filtered resources, i.e. build is platform dependent!
2026-07-10 17:16:39,708 [Worker-22: Building] INFO  o.a.m.s.f.DefaultMavenResourcesFiltering - Copying 0 resource from src\main\resources to target\classes
2026-07-10 17:16:39,710 [Worker-22: Building] WARN  o.a.m.s.f.DefaultMavenResourcesFiltering - Using platform encoding (UTF-8 actually) to copy filtered resources, i.e. build is platform dependent!
2026-07-10 17:16:39,711 [Worker-22: Building] INFO  o.a.m.s.f.DefaultMavenResourcesFiltering - Copying 0 resource from src\test\resources to target\test-classes
2026-07-10 17:16:42,714 [Worker-25: Building] INFO  o.e.m.c.i.l.LifecycleMappingFactory - Using org.eclipse.m2e.jdt.JarLifecycleMapping lifecycle mapping for MavenProject: com.tyss:FirstProject:0.0.1-SNAPSHOT @ C:\Users\thane\Desktop\KSA\Batch-E2\FirstProject\pom.xml.
2026-07-10 17:16:42,787 [Worker-25: Building] WARN  o.a.m.s.f.DefaultMavenResourcesFiltering - Using platform encoding (UTF-8 actually) to copy filtered resources, i.e. build is platform dependent!
2026-07-10 17:16:42,791 [Worker-25: Building] INFO  o.a.m.s.f.DefaultMavenResourcesFiltering - Copying 0 resource from src\main\resources to target\classes
2026-07-10 17:16:42,795 [Worker-25: Building] WARN  o.a.m.s.f.DefaultMavenResourcesFiltering - Using platform encoding (UTF-8 actually) to copy filtered resources, i.e. build is platform dependent!
2026-07-10 17:16:42,796 [Worker-25: Building] INFO  o.a.m.s.f.DefaultMavenResourcesFiltering - Copying 0 resource from src\test\resources to target\test-classes
2026-07-10 17:16:44,172 [Worker-28: Building] WARN  o.a.m.s.f.DefaultMavenResourcesFiltering - Using platform encoding (UTF-8 actually) to copy filtered resources, i.e. build is platform dependent!
2026-07-10 17:16:44,173 [Worker-28: Building] INFO  o.a.m.s.f.DefaultMavenResourcesFiltering - Copying 0 resource from src\main\resources to target\classes
2026-07-10 17:16:44,175 [Worker-28: Building] WARN  o.a.m.s.f.DefaultMavenResourcesFiltering - Using platform encoding (UTF-8 actually) to copy filtered resources, i.e. build is platform dependent!
2026-07-10 17:16:44,177 [Worker-28: Building] INFO  o.a.m.s.f.DefaultMavenResourcesFiltering - Copying 0 resource from src\test\resources to target\test-classes
2026-07-10 17:17:26,155 [Start Help Server] INFO  org.eclipse.jetty.server.Server - jetty-12.0.21; built: 2025-05-09T00:32:00.688Z; git: 1c4719601e31b05b7d68910d2edd980259f1f53c; jvm 21.0.7+6-LTS
2026-07-10 17:17:26,245 [Start Help Server] INFO  o.e.j.server.handler.ContextHandler - Started oeje8n.ContextHandler$CoreContextHandler@32100aa8{/help,/help,b=null,a=AVAILABLE,h=oeje8n.ContextHandler$CoreContextHandler$CoreToNestedHandler@41153108{STARTED}}
2026-07-10 17:17:26,246 [Start Help Server] INFO  o.e.j.s.DefaultSessionIdManager - Session workerName=node0
2026-07-10 17:17:26,269 [Start Help Server] INFO  o.e.jetty.server.AbstractConnector - Started ServerConnector@2f08d1c9{HTTP/1.1, (http/1.1)}{127.0.0.1:59441}
2026-07-10 17:17:26,276 [Start Help Server] INFO  org.eclipse.jetty.server.Server - Started oejs.Server@6288674a{STARTING}[12.0.21,sto=0] @3081617ms
2026-07-10 17:17:45,326 [Worker-5: Building] WARN  o.a.m.s.f.DefaultMavenResourcesFiltering - Using platform encoding (UTF-8 actually) to copy filtered resources, i.e. build is platform dependent!
2026-07-10 17:17:45,327 [Worker-5: Building] INFO  o.a.m.s.f.DefaultMavenResourcesFiltering - Copying 0 resource from src\main\resources to target\classes
2026-07-10 17:17:45,329 [Worker-5: Building] WARN  o.a.m.s.f.DefaultMavenResourcesFiltering - Using platform encoding (UTF-8 actually) to copy filtered resources, i.e. build is platform dependent!
2026-07-10 17:17:45,330 [Worker-5: Building] INFO  o.a.m.s.f.DefaultMavenResourcesFiltering - Copying 0 resource from src\test\resources to target\test-classes
2026-07-10 17:18:52,733 [Worker-25: Building] INFO  o.e.m.c.i.l.LifecycleMappingFactory - Using org.eclipse.m2e.jdt.JarLifecycleMapping lifecycle mapping for MavenProject: com.tyss:FirstProject:0.0.1-SNAPSHOT @ C:\Users\thane\Desktop\KSA\Batch-E2\FirstProject\pom.xml.
2026-07-10 17:18:52,860 [Worker-25: Building] WARN  o.a.m.s.f.DefaultMavenResourcesFiltering - Using platform encoding (UTF-8 actually) to copy filtered resources, i.e. build is platform dependent!
2026-07-10 17:18:52,863 [Worker-25: Building] INFO  o.a.m.s.f.DefaultMavenResourcesFiltering - Copying 0 resource from src\main\resources to target\classes
2026-07-10 17:18:52,866 [Worker-25: Building] WARN  o.a.m.s.f.DefaultMavenResourcesFiltering - Using platform encoding (UTF-8 actually) to copy filtered resources, i.e. build is platform dependent!
2026-07-10 17:18:52,868 [Worker-25: Building] INFO  o.a.m.s.f.DefaultMavenResourcesFiltering - Copying 0 resource from src\test\resources to target\test-classes
2026-07-10 17:18:54,142 [Worker-5: Building] WARN  o.a.m.s.f.DefaultMavenResourcesFiltering - Using platform encoding (UTF-8 actually) to copy filtered resources, i.e. build is platform dependent!
2026-07-10 17:18:54,143 [Worker-5: Building] INFO  o.a.m.s.f.DefaultMavenResourcesFiltering - Copying 0 resource from src\main\resources to target\classes
2026-07-10 17:18:54,145 [Worker-5: Building] WARN  o.a.m.s.f.DefaultMavenResourcesFiltering - Using platform encoding (UTF-8 actually) to copy filtered resources, i.e. build is platform dependent!
2026-07-10 17:18:54,146 [Worker-5: Building] INFO  o.a.m.s.f.DefaultMavenResourcesFiltering - Copying 0 resource from src\test\resources to target\test-classes
2026-07-10 17:19:21,681 [Worker-22: Building] INFO  o.e.m.c.i.l.LifecycleMappingFactory - Using org.eclipse.m2e.jdt.JarLifecycleMapping lifecycle mapping for MavenProject: com.tyss:FirstProject:0.0.1-SNAPSHOT @ C:\Users\thane\Desktop\KSA\Batch-E2\FirstProject\pom.xml.
2026-07-10 17:19:21,769 [Worker-22: Building] WARN  o.a.m.s.f.DefaultMavenResourcesFiltering - Using platform encoding (UTF-8 actually) to copy filtered resources, i.e. build is platform dependent!
2026-07-10 17:19:21,770 [Worker-22: Building] INFO  o.a.m.s.f.DefaultMavenResourcesFiltering - Copying 0 resource from src\main\resources to target\classes
2026-07-10 17:19:21,772 [Worker-22: Building] WARN  o.a.m.s.f.DefaultMavenResourcesFiltering - Using platform encoding (UTF-8 actually) to copy filtered resources, i.e. build is platform dependent!
2026-07-10 17:19:21,774 [Worker-22: Building] INFO  o.a.m.s.f.DefaultMavenResourcesFiltering - Copying 0 resource from src\test\resources to target\test-classes
2026-07-10 17:19:23,175 [Worker-25: Building] WARN  o.a.m.s.f.DefaultMavenResourcesFiltering - Using platform encoding (UTF-8 actually) to copy filtered resources, i.e. build is platform dependent!
2026-07-10 17:19:23,178 [Worker-25: Building] INFO  o.a.m.s.f.DefaultMavenResourcesFiltering - Copying 0 resource from src\main\resources to target\classes
2026-07-10 17:19:23,184 [Worker-25: Building] WARN  o.a.m.s.f.DefaultMavenResourcesFiltering - Using platform encoding (UTF-8 actually) to copy filtered resources, i.e. build is platform dependent!
2026-07-10 17:19:23,186 [Worker-25: Building] INFO  o.a.m.s.f.DefaultMavenResourcesFiltering - Copying 0 resource from src\test\resources to target\test-classes
2026-07-10 17:21:20,714 [Worker-25: Launching Executing install in C__Users_thane_Desktop_KSA_Batch-E2_FirstProject] INFO  o.eclipse.m2e.core.internal.Bundles - getClasspathEntries(Bundle=org.eclipse.m2e.maven.runtime_3.9.900.20250220-2013 [299])
2026-07-10 17:21:20,717 [Worker-25: Launching Executing install in C__Users_thane_Desktop_KSA_Batch-E2_FirstProject] INFO  o.eclipse.m2e.core.internal.Bundles - 	Entry: C:\Users\thane\.p2\pool\plugins\org.eclipse.m2e.maven.runtime_3.9.900.20250220-2013
2026-07-10 17:21:20,717 [Worker-25: Launching Executing install in C__Users_thane_Desktop_KSA_Batch-E2_FirstProject] INFO  o.eclipse.m2e.core.internal.Bundles - 	Entry: C:\Users\thane\.p2\pool\plugins\org.eclipse.m2e.maven.runtime_3.9.900.20250220-2013\jars\aopalliance-1.0.jar
2026-07-10 17:21:20,717 [Worker-25: Launching Executing install in C__Users_thane_Desktop_KSA_Batch-E2_FirstProject] INFO  o.eclipse.m2e.core.internal.Bundles - 	Entry: C:\Users\thane\.p2\pool\plugins\org.eclipse.m2e.maven.runtime_3.9.900.20250220-2013\jars\guice-5.1.0.jar
2026-07-10 17:21:20,718 [Worker-25: Launching Executing install in C__Users_thane_Desktop_KSA_Batch-E2_FirstProject] INFO  o.eclipse.m2e.core.internal.Bundles - 	Entry: C:\Users\thane\.p2\pool\plugins\org.eclipse.m2e.maven.runtime_3.9.900.20250220-2013\jars\httpclient-4.5.14.jar
2026-07-10 17:21:20,718 [Worker-25: Launching Executing install in C__Users_thane_Desktop_KSA_Batch-E2_FirstProject] INFO  o.eclipse.m2e.core.internal.Bundles - 	Entry: C:\Users\thane\.p2\pool\plugins\org.eclipse.m2e.maven.runtime_3.9.900.20250220-2013\jars\httpcore-4.4.16.jar
2026-07-10 17:21:20,718 [Worker-25: Launching Executing install in C__Users_thane_Desktop_KSA_Batch-E2_FirstProject] INFO  o.eclipse.m2e.core.internal.Bundles - 	Entry: C:\Users\thane\.p2\pool\plugins\org.eclipse.m2e.maven.runtime_3.9.900.20250220-2013\jars\jansi-2.4.1.jar
2026-07-10 17:21:20,718 [Worker-25: Launching Executing install in C__Users_thane_Desktop_KSA_Batch-E2_FirstProject] INFO  o.eclipse.m2e.core.internal.Bundles - 	Entry: C:\Users\thane\.p2\pool\plugins\org.eclipse.m2e.maven.runtime_3.9.900.20250220-2013\jars\jcl-over-slf4j-1.7.36.jar
2026-07-10 17:21:20,718 [Worker-25: Launching Executing install in C__Users_thane_Desktop_KSA_Batch-E2_FirstProject] INFO  o.eclipse.m2e.core.internal.Bundles - 	Entry: C:\Users\thane\.p2\pool\plugins\org.eclipse.m2e.maven.runtime_3.9.900.20250220-2013\jars\maven-artifact-3.9.9.jar
2026-07-10 17:21:20,719 [Worker-25: Launching Executing install in C__Users_thane_Desktop_KSA_Batch-E2_FirstProject] INFO  o.eclipse.m2e.core.internal.Bundles - 	Entry: C:\Users\thane\.p2\pool\plugins\org.eclipse.m2e.maven.runtime_3.9.900.20250220-2013\jars\maven-builder-support-3.9.9.jar
2026-07-10 17:21:20,719 [Worker-25: Launching Executing install in C__Users_thane_Desktop_KSA_Batch-E2_FirstProject] INFO  o.eclipse.m2e.core.internal.Bundles - 	Entry: C:\Users\thane\.p2\pool\plugins\org.eclipse.m2e.maven.runtime_3.9.900.20250220-2013\jars\maven-compat-3.9.9.jar
2026-07-10 17:21:20,719 [Worker-25: Launching Executing install in C__Users_thane_Desktop_KSA_Batch-E2_FirstProject] INFO  o.eclipse.m2e.core.internal.Bundles - 	Entry: C:\Users\thane\.p2\pool\plugins\org.eclipse.m2e.maven.runtime_3.9.900.20250220-2013\jars\maven-core-3.9.9.jar
2026-07-10 17:21:20,719 [Worker-25: Launching Executing install in C__Users_thane_Desktop_KSA_Batch-E2_FirstProject] INFO  o.eclipse.m2e.core.internal.Bundles - 	Entry: C:\Users\thane\.p2\pool\plugins\org.eclipse.m2e.maven.runtime_3.9.900.20250220-2013\jars\maven-embedder-3.9.9.jar
2026-07-10 17:21:20,719 [Worker-25: Launching Executing install in C__Users_thane_Desktop_KSA_Batch-E2_FirstProject] INFO  o.eclipse.m2e.core.internal.Bundles - 	Entry: C:\Users\thane\.p2\pool\plugins\org.eclipse.m2e.maven.runtime_3.9.900.20250220-2013\jars\maven-model-3.9.9.jar
2026-07-10 17:21:20,720 [Worker-25: Launching Executing install in C__Users_thane_Desktop_KSA_Batch-E2_FirstProject] INFO  o.eclipse.m2e.core.internal.Bundles - 	Entry: C:\Users\thane\.p2\pool\plugins\org.eclipse.m2e.maven.runtime_3.9.900.20250220-2013\jars\maven-model-builder-3.9.9.jar
2026-07-10 17:21:20,721 [Worker-25: Launching Executing install in C__Users_thane_Desktop_KSA_Batch-E2_FirstProject] INFO  o.eclipse.m2e.core.internal.Bundles - 	Entry: C:\Users\thane\.p2\pool\plugins\org.eclipse.m2e.maven.runtime_3.9.900.20250220-2013\jars\maven-plugin-api-3.9.9.jar
2026-07-10 17:21:20,722 [Worker-25: Launching Executing install in C__Users_thane_Desktop_KSA_Batch-E2_FirstProject] INFO  o.eclipse.m2e.core.internal.Bundles - 	Entry: C:\Users\thane\.p2\pool\plugins\org.eclipse.m2e.maven.runtime_3.9.900.20250220-2013\jars\maven-repository-metadata-3.9.9.jar
2026-07-10 17:21:20,722 [Worker-25: Launching Executing install in C__Users_thane_Desktop_KSA_Batch-E2_FirstProject] INFO  o.eclipse.m2e.core.internal.Bundles - 	Entry: C:\Users\thane\.p2\pool\plugins\org.eclipse.m2e.maven.runtime_3.9.900.20250220-2013\jars\maven-resolver-api-1.9.22.jar
2026-07-10 17:21:20,723 [Worker-25: Launching Executing install in C__Users_thane_Desktop_KSA_Batch-E2_FirstProject] INFO  o.eclipse.m2e.core.internal.Bundles - 	Entry: C:\Users\thane\.p2\pool\plugins\org.eclipse.m2e.maven.runtime_3.9.900.20250220-2013\jars\maven-resolver-connector-basic-1.9.22.jar
2026-07-10 17:21:20,723 [Worker-25: Launching Executing install in C__Users_thane_Desktop_KSA_Batch-E2_FirstProject] INFO  o.eclipse.m2e.core.internal.Bundles - 	Entry: C:\Users\thane\.p2\pool\plugins\org.eclipse.m2e.maven.runtime_3.9.900.20250220-2013\jars\maven-resolver-impl-1.9.22.jar
2026-07-10 17:21:20,723 [Worker-25: Launching Executing install in C__Users_thane_Desktop_KSA_Batch-E2_FirstProject] INFO  o.eclipse.m2e.core.internal.Bundles - 	Entry: C:\Users\thane\.p2\pool\plugins\org.eclipse.m2e.maven.runtime_3.9.900.20250220-2013\jars\maven-resolver-named-locks-1.9.22.jar
2026-07-10 17:21:20,723 [Worker-25: Launching Executing install in C__Users_thane_Desktop_KSA_Batch-E2_FirstProject] INFO  o.eclipse.m2e.core.internal.Bundles - 	Entry: C:\Users\thane\.p2\pool\plugins\org.eclipse.m2e.maven.runtime_3.9.900.20250220-2013\jars\maven-resolver-provider-3.9.9.jar
2026-07-10 17:21:20,724 [Worker-25: Launching Executing install in C__Users_thane_Desktop_KSA_Batch-E2_FirstProject] INFO  o.eclipse.m2e.core.internal.Bundles - 	Entry: C:\Users\thane\.p2\pool\plugins\org.eclipse.m2e.maven.runtime_3.9.900.20250220-2013\jars\maven-resolver-spi-1.9.22.jar
2026-07-10 17:21:20,724 [Worker-25: Launching Executing install in C__Users_thane_Desktop_KSA_Batch-E2_FirstProject] INFO  o.eclipse.m2e.core.internal.Bundles - 	Entry: C:\Users\thane\.p2\pool\plugins\org.eclipse.m2e.maven.runtime_3.9.900.20250220-2013\jars\maven-resolver-transport-file-1.9.22.jar
2026-07-10 17:21:20,724 [Worker-25: Launching Executing install in C__Users_thane_Desktop_KSA_Batch-E2_FirstProject] INFO  o.eclipse.m2e.core.internal.Bundles - 	Entry: C:\Users\thane\.p2\pool\plugins\org.eclipse.m2e.maven.runtime_3.9.900.20250220-2013\jars\maven-resolver-transport-http-1.9.22.jar
2026-07-10 17:21:20,724 [Worker-25: Launching Executing install in C__Users_thane_Desktop_KSA_Batch-E2_FirstProject] INFO  o.eclipse.m2e.core.internal.Bundles - 	Entry: C:\Users\thane\.p2\pool\plugins\org.eclipse.m2e.maven.runtime_3.9.900.20250220-2013\jars\maven-resolver-transport-wagon-1.9.22.jar
2026-07-10 17:21:20,724 [Worker-25: Launching Executing install in C__Users_thane_Desktop_KSA_Batch-E2_FirstProject] INFO  o.eclipse.m2e.core.internal.Bundles - 	Entry: C:\Users\thane\.p2\pool\plugins\org.eclipse.m2e.maven.runtime_3.9.900.20250220-2013\jars\maven-resolver-util-1.9.22.jar
2026-07-10 17:21:20,725 [Worker-25: Launching Executing install in C__Users_thane_Desktop_KSA_Batch-E2_FirstProject] INFO  o.eclipse.m2e.core.internal.Bundles - 	Entry: C:\Users\thane\.p2\pool\plugins\org.eclipse.m2e.maven.runtime_3.9.900.20250220-2013\jars\maven-settings-3.9.9.jar
2026-07-10 17:21:20,725 [Worker-25: Launching Executing install in C__Users_thane_Desktop_KSA_Batch-E2_FirstProject] INFO  o.eclipse.m2e.core.internal.Bundles - 	Entry: C:\Users\thane\.p2\pool\plugins\org.eclipse.m2e.maven.runtime_3.9.900.20250220-2013\jars\maven-settings-builder-3.9.9.jar
2026-07-10 17:21:20,726 [Worker-25: Launching Executing install in C__Users_thane_Desktop_KSA_Batch-E2_FirstProject] INFO  o.eclipse.m2e.core.internal.Bundles - 	Entry: C:\Users\thane\.p2\pool\plugins\org.eclipse.m2e.maven.runtime_3.9.900.20250220-2013\jars\maven-shared-utils-3.4.2.jar
2026-07-10 17:21:20,726 [Worker-25: Launching Executing install in C__Users_thane_Desktop_KSA_Batch-E2_FirstProject] INFO  o.eclipse.m2e.core.internal.Bundles - 	Entry: C:\Users\thane\.p2\pool\plugins\org.eclipse.m2e.maven.runtime_3.9.900.20250220-2013\jars\org.eclipse.sisu.inject-0.9.0.M3.jar
2026-07-10 17:21:20,726 [Worker-25: Launching Executing install in C__Users_thane_Desktop_KSA_Batch-E2_FirstProject] INFO  o.eclipse.m2e.core.internal.Bundles - 	Entry: C:\Users\thane\.p2\pool\plugins\org.eclipse.m2e.maven.runtime_3.9.900.20250220-2013\jars\org.eclipse.sisu.plexus-0.9.0.M3.jar
2026-07-10 17:21:20,726 [Worker-25: Launching Executing install in C__Users_thane_Desktop_KSA_Batch-E2_FirstProject] INFO  o.eclipse.m2e.core.internal.Bundles - 	Entry: C:\Users\thane\.p2\pool\plugins\org.eclipse.m2e.maven.runtime_3.9.900.20250220-2013\jars\plexus-build-api-0.0.7.jar
2026-07-10 17:21:20,727 [Worker-25: Launching Executing install in C__Users_thane_Desktop_KSA_Batch-E2_FirstProject] INFO  o.eclipse.m2e.core.internal.Bundles - 	Entry: C:\Users\thane\.p2\pool\plugins\org.eclipse.m2e.maven.runtime_3.9.900.20250220-2013\jars\plexus-build-api-1.2.0.jar
2026-07-10 17:21:20,728 [Worker-25: Launching Executing install in C__Users_thane_Desktop_KSA_Batch-E2_FirstProject] INFO  o.eclipse.m2e.core.internal.Bundles - 	Entry: C:\Users\thane\.p2\pool\plugins\org.eclipse.m2e.maven.runtime_3.9.900.20250220-2013\jars\plexus-cipher-2.0.jar
2026-07-10 17:21:20,729 [Worker-25: Launching Executing install in C__Users_thane_Desktop_KSA_Batch-E2_FirstProject] INFO  o.eclipse.m2e.core.internal.Bundles - 	Entry: C:\Users\thane\.p2\pool\plugins\org.eclipse.m2e.maven.runtime_3.9.900.20250220-2013\jars\plexus-classworlds-2.8.0.jar
2026-07-10 17:21:20,729 [Worker-25: Launching Executing install in C__Users_thane_Desktop_KSA_Batch-E2_FirstProject] INFO  o.eclipse.m2e.core.internal.Bundles - 	Entry: C:\Users\thane\.p2\pool\plugins\org.eclipse.m2e.maven.runtime_3.9.900.20250220-2013\jars\plexus-component-annotations-2.1.0.jar
2026-07-10 17:21:20,729 [Worker-25: Launching Executing install in C__Users_thane_Desktop_KSA_Batch-E2_FirstProject] INFO  o.eclipse.m2e.core.internal.Bundles - 	Entry: C:\Users\thane\.p2\pool\plugins\org.eclipse.m2e.maven.runtime_3.9.900.20250220-2013\jars\plexus-interpolation-1.27.jar
2026-07-10 17:21:20,730 [Worker-25: Launching Executing install in C__Users_thane_Desktop_KSA_Batch-E2_FirstProject] INFO  o.eclipse.m2e.core.internal.Bundles - 	Entry: C:\Users\thane\.p2\pool\plugins\org.eclipse.m2e.maven.runtime_3.9.900.20250220-2013\jars\plexus-sec-dispatcher-2.0.jar
2026-07-10 17:21:20,730 [Worker-25: Launching Executing install in C__Users_thane_Desktop_KSA_Batch-E2_FirstProject] INFO  o.eclipse.m2e.core.internal.Bundles - 	Entry: C:\Users\thane\.p2\pool\plugins\org.eclipse.m2e.maven.runtime_3.9.900.20250220-2013\jars\plexus-utils-3.5.1.jar
2026-07-10 17:21:20,730 [Worker-25: Launching Executing install in C__Users_thane_Desktop_KSA_Batch-E2_FirstProject] INFO  o.eclipse.m2e.core.internal.Bundles - 	Entry: C:\Users\thane\.p2\pool\plugins\org.eclipse.m2e.maven.runtime_3.9.900.20250220-2013\jars\plexus-xml-3.0.1.jar
2026-07-10 17:21:20,731 [Worker-25: Launching Executing install in C__Users_thane_Desktop_KSA_Batch-E2_FirstProject] INFO  o.eclipse.m2e.core.internal.Bundles - 	Entry: C:\Users\thane\.p2\pool\plugins\org.eclipse.m2e.maven.runtime_3.9.900.20250220-2013\jars\wagon-file-3.5.3.jar
2026-07-10 17:21:20,731 [Worker-25: Launching Executing install in C__Users_thane_Desktop_KSA_Batch-E2_FirstProject] INFO  o.eclipse.m2e.core.internal.Bundles - 	Entry: C:\Users\thane\.p2\pool\plugins\org.eclipse.m2e.maven.runtime_3.9.900.20250220-2013\jars\wagon-http-3.5.3.jar
2026-07-10 17:21:20,731 [Worker-25: Launching Executing install in C__Users_thane_Desktop_KSA_Batch-E2_FirstProject] INFO  o.eclipse.m2e.core.internal.Bundles - 	Entry: C:\Users\thane\.p2\pool\plugins\org.eclipse.m2e.maven.runtime_3.9.900.20250220-2013\jars\wagon-http-shared-3.5.3.jar
2026-07-10 17:21:20,731 [Worker-25: Launching Executing install in C__Users_thane_Desktop_KSA_Batch-E2_FirstProject] INFO  o.eclipse.m2e.core.internal.Bundles - 	Entry: C:\Users\thane\.p2\pool\plugins\org.eclipse.m2e.maven.runtime_3.9.900.20250220-2013\jars\wagon-provider-api-3.5.3.jar
2026-07-10 17:21:20,736 [Worker-25: Launching Executing install in C__Users_thane_Desktop_KSA_Batch-E2_FirstProject] INFO  o.eclipse.m2e.core.internal.Bundles - getClasspathEntries(Bundle=com.google.guava_33.4.8.jre [13])
2026-07-10 17:21:20,737 [Worker-25: Launching Executing install in C__Users_thane_Desktop_KSA_Batch-E2_FirstProject] INFO  o.eclipse.m2e.core.internal.Bundles - 	Entry: C:\Users\thane\.p2\pool\plugins\com.google.guava_33.4.8.jre.jar
2026-07-10 17:21:20,737 [Worker-25: Launching Executing install in C__Users_thane_Desktop_KSA_Batch-E2_FirstProject] INFO  o.eclipse.m2e.core.internal.Bundles - getClasspathEntries(Bundle=slf4j.api_2.0.17 [522])
2026-07-10 17:21:20,737 [Worker-25: Launching Executing install in C__Users_thane_Desktop_KSA_Batch-E2_FirstProject] INFO  o.eclipse.m2e.core.internal.Bundles - 	Entry: C:\Users\thane\.p2\pool\plugins\slf4j.api_2.0.17.jar
2026-07-10 17:21:20,738 [Worker-25: Launching Executing install in C__Users_thane_Desktop_KSA_Batch-E2_FirstProject] INFO  o.eclipse.m2e.core.internal.Bundles - getClasspathEntries(Bundle=jakarta.inject.jakarta.inject-api_1.0.5 [24])
2026-07-10 17:21:20,740 [Worker-25: Launching Executing install in C__Users_thane_Desktop_KSA_Batch-E2_FirstProject] INFO  o.eclipse.m2e.core.internal.Bundles - 	Entry: C:\Users\thane\.p2\pool\plugins\jakarta.inject.jakarta.inject-api_1.0.5.jar
2026-07-10 17:21:20,740 [Worker-25: Launching Executing install in C__Users_thane_Desktop_KSA_Batch-E2_FirstProject] INFO  o.eclipse.m2e.core.internal.Bundles - getClasspathEntries(Bundle=javax.annotation_1.3.5.v20200909-1856 [27])
2026-07-10 17:21:20,743 [Worker-25: Launching Executing install in C__Users_thane_Desktop_KSA_Batch-E2_FirstProject] INFO  o.eclipse.m2e.core.internal.Bundles - 	Entry: C:\Users\thane\.p2\pool\plugins\javax.annotation_1.3.5.v20200909-1856.jar
2026-07-10 17:21:20,743 [Worker-25: Launching Executing install in C__Users_thane_Desktop_KSA_Batch-E2_FirstProject] INFO  o.eclipse.m2e.core.internal.Bundles - getClasspathEntries(Bundle=org.apache.commons.cli_1.9.0 [49])
2026-07-10 17:21:20,747 [Worker-25: Launching Executing install in C__Users_thane_Desktop_KSA_Batch-E2_FirstProject] INFO  o.eclipse.m2e.core.internal.Bundles - 	Entry: C:\Users\thane\.p2\pool\plugins\org.apache.commons.cli_1.9.0.jar
2026-07-10 17:21:20,748 [Worker-25: Launching Executing install in C__Users_thane_Desktop_KSA_Batch-E2_FirstProject] INFO  o.eclipse.m2e.core.internal.Bundles - getClasspathEntries(Bundle=org.apache.commons.commons-codec_1.16.0 [50])
2026-07-10 17:21:20,749 [Worker-25: Launching Executing install in C__Users_thane_Desktop_KSA_Batch-E2_FirstProject] INFO  o.eclipse.m2e.core.internal.Bundles - 	Entry: C:\Users\thane\.p2\pool\plugins\org.apache.commons.commons-codec_1.16.0.jar
2026-07-10 17:21:20,749 [Worker-25: Launching Executing install in C__Users_thane_Desktop_KSA_Batch-E2_FirstProject] INFO  o.eclipse.m2e.core.internal.Bundles - getClasspathEntries(Bundle=com.google.guava.failureaccess_1.0.3 [14])
2026-07-10 17:21:20,750 [Worker-25: Launching Executing install in C__Users_thane_Desktop_KSA_Batch-E2_FirstProject] INFO  o.eclipse.m2e.core.internal.Bundles - 	Entry: C:\Users\thane\.p2\pool\plugins\com.google.guava.failureaccess_1.0.3.jar
2026-07-10 17:21:20,758 [Worker-25: Launching Executing install in C__Users_thane_Desktop_KSA_Batch-E2_FirstProject] INFO  o.e.m.i.launch.MavenLaunchDelegate - Run build in "C:\Users\thane\Desktop\KSA\Batch-E2\FirstProject":
2026-07-10 17:21:20,763 [Worker-25: Launching Executing install in C__Users_thane_Desktop_KSA_Batch-E2_FirstProject] INFO  o.e.m.i.launch.MavenLaunchDelegate -  mvn  -B -Dstyle.color=always install
